<?xml version="1.0" encoding="UTF-8"?>
<testsuite xmlns:xsi="http://www.w3.org/2001/XMLSchema-instance" xsi:noNamespaceSchemaLocation="https://maven.apache.org/surefire/maven-failsafe-plugin/xsd/failsafe-test-report.xsd" version="3.0.2" name="fr.takima.training.sampleapplication.IT.DepartmentControllerTestIT" time="40.085" tests="6" errors="0" skipped="0" failures="0">
  <properties>
[...]
</properties>
  <testcase name="testGetDepartmentStudentsByName" classname="fr.takima.training.sampleapplication.IT.DepartmentControllerTestIT" time="1.308">
    <system-out><![CDATA[
  .   ____          _            __ _ _
 /\\ / ___'_ __ _ _(_)_ __  __ _ \ \ \ \
( ( )\___ | '_ | '_| | '_ \/ _` | \ \ \ \
 \\/  ___)| |_)| | | | | || (_| |  ) ) ) )
  '  |____| .__|_| |_|_| |_\__, | / / / /
 =========|_|==============|___/=/_/_/_/

 :: Spring Boot ::                (v3.4.2)

2025-10-28T07:34:42.762+01:00  INFO 19276 --- [           main] f.t.t.s.IT.DepartmentControllerTestIT    : Starting DepartmentControllerTestIT using Java 21.0.8 with PID 19276 (started by alifa in C:\Users\alifa\Desktop\Project-Docker\Project-Docker\backend)
2025-10-28T07:34:42.768+01:00  INFO 19276 --- [           main] f.t.t.s.IT.DepartmentControllerTestIT    : No active profile set, falling back to 1 default profile: "default"
2025-10-28T07:34:44.505+01:00  INFO 19276 --- [           main] .s.d.r.c.RepositoryConfigurationDelegate : Bootstrapping Spring Data JPA repositories in DEFAULT mode.
2025-10-28T07:34:44.648+01:00  INFO 19276 --- [           main] .s.d.r.c.RepositoryConfigurationDelegate : Finished Spring Data repository scanning in 124 ms. Found 2 JPA repository interfaces.
2025-10-28T07:34:46.859+01:00  INFO 19276 --- [           main] com.zaxxer.hikari.HikariDataSource       : HikariPool-1 - Starting...
2025-10-28T07:34:47.061+01:00  INFO 19276 --- [           main] org.testcontainers.images.PullPolicy     : Image pull policy will be performed by: DefaultPullPolicy()
2025-10-28T07:34:47.067+01:00  INFO 19276 --- [           main] o.t.utility.ImageNameSubstitutor         : Image name substitution will be performed by: DefaultImageNameSubstitutor (composite of 'ConfigurationFileImageNameSubstitutor' and 'PrefixingImageNameSubstitutor')
2025-10-28T07:34:47.123+01:00  INFO 19276 --- [           main] org.testcontainers.DockerClientFactory   : Testcontainers version: 1.20.4
2025-10-28T07:34:48.171+01:00  INFO 19276 --- [           main] o.t.d.DockerClientProviderStrategy       : Found Docker environment with local Npipe socket (npipe:////./pipe/docker_engine)
2025-10-28T07:34:48.177+01:00  INFO 19276 --- [           main] org.testcontainers.DockerClientFactory   : Docker host IP address is localhost
2025-10-28T07:34:48.213+01:00  INFO 19276 --- [           main] org.testcontainers.DockerClientFactory   : Connected to docker: 
  Server Version: 28.5.1
  API Version: 1.51
  Operating System: Docker Desktop
  Total Memory: 7882 MB
  Labels: 
    com.docker.desktop.address=npipe://\\.\pipe\docker_cli
2025-10-28T07:34:48.371+01:00  INFO 19276 --- [           main] tc.testcontainers/ryuk:0.11.0            : Pulling docker image: testcontainers/ryuk:0.11.0. Please be patient; this may take some time but only needs to be done once.
2025-10-28T07:34:50.152+01:00  INFO 19276 --- [ream-2135061110] tc.testcontainers/ryuk:0.11.0            : Starting to pull image
2025-10-28T07:34:50.186+01:00  INFO 19276 --- [ream-2135061110] tc.testcontainers/ryuk:0.11.0            : Pulling image layers:  0 pending,  0 downloaded,  0 extracted, (0 bytes/0 bytes)
2025-10-28T07:34:50.814+01:00  INFO 19276 --- [ream-2135061110] tc.testcontainers/ryuk:0.11.0            : Pulling image layers:  2 pending,  1 downloaded,  0 extracted, (0 bytes/? MB)
2025-10-28T07:34:51.215+01:00  INFO 19276 --- [ream-2135061110] tc.testcontainers/ryuk:0.11.0            : Pulling image layers:  1 pending,  2 downloaded,  0 extracted, (3 MB/? MB)
2025-10-28T07:34:51.728+01:00  INFO 19276 --- [ream-2135061110] tc.testcontainers/ryuk:0.11.0            : Pulling image layers:  1 pending,  2 downloaded,  1 extracted, (7 MB/? MB)
2025-10-28T07:34:51.913+01:00  INFO 19276 --- [ream-2135061110] tc.testcontainers/ryuk:0.11.0            : Pulling image layers:  0 pending,  3 downloaded,  1 extracted, (8 MB/10 MB)
2025-10-28T07:34:52.014+01:00  INFO 19276 --- [ream-2135061110] tc.testcontainers/ryuk:0.11.0            : Pulling image layers:  0 pending,  3 downloaded,  2 extracted, (8 MB/10 MB)
2025-10-28T07:34:52.015+01:00  INFO 19276 --- [ream-2135061110] tc.testcontainers/ryuk:0.11.0            : Pulling image layers:  0 pending,  3 downloaded,  3 extracted, (8 MB/10 MB)
2025-10-28T07:34:52.081+01:00  INFO 19276 --- [ream-2135061110] tc.testcontainers/ryuk:0.11.0            : Pull complete. 3 layers, pulled in 1s (downloaded 8 MB at 8 MB/s)
2025-10-28T07:34:52.081+01:00  INFO 19276 --- [           main] tc.testcontainers/ryuk:0.11.0            : Image testcontainers/ryuk:0.11.0 pull took PT3.7091078S
2025-10-28T07:34:52.332+01:00  INFO 19276 --- [           main] tc.testcontainers/ryuk:0.11.0            : Creating container for image: testcontainers/ryuk:0.11.0
2025-10-28T07:34:52.691+01:00  INFO 19276 --- [           main] tc.testcontainers/ryuk:0.11.0            : Container testcontainers/ryuk:0.11.0 is starting: a4e817a4a971e79420495175ac2d43d941cab454795aeab55c441acd947950fb
2025-10-28T07:34:53.566+01:00  INFO 19276 --- [           main] tc.testcontainers/ryuk:0.11.0            : Container testcontainers/ryuk:0.11.0 started in PT1.2344586S
2025-10-28T07:34:53.578+01:00  INFO 19276 --- [           main] o.t.utility.RyukResourceReaper           : Ryuk started - will monitor and terminate Testcontainers containers on JVM exit
2025-10-28T07:34:53.578+01:00  INFO 19276 --- [           main] org.testcontainers.DockerClientFactory   : Checking the system...
2025-10-28T07:34:53.579+01:00  INFO 19276 --- [           main] org.testcontainers.DockerClientFactory   : ✔︎ Docker server version should be at least 1.6.0
2025-10-28T07:34:53.588+01:00  INFO 19276 --- [           main] tc.postgres:9.6.12                       : Pulling docker image: postgres:9.6.12. Please be patient; this may take some time but only needs to be done once.
2025-10-28T07:34:54.522+01:00  INFO 19276 --- [eam--1826070891] tc.postgres:9.6.12                       : Starting to pull image
2025-10-28T07:34:54.523+01:00  INFO 19276 --- [eam--1826070891] tc.postgres:9.6.12                       : Pulling image layers:  0 pending,  0 downloaded,  0 extracted, (0 bytes/0 bytes)
2025-10-28T07:34:55.510+01:00  INFO 19276 --- [eam--1826070891] tc.postgres:9.6.12                       : Pulling image layers: 13 pending,  1 downloaded,  0 extracted, (0 bytes/? MB)
2025-10-28T07:34:55.911+01:00  INFO 19276 --- [eam--1826070891] tc.postgres:9.6.12                       : Pulling image layers: 12 pending,  2 downloaded,  0 extracted, (1 MB/? MB)
2025-10-28T07:34:55.913+01:00  INFO 19276 --- [eam--1826070891] tc.postgres:9.6.12                       : Pulling image layers: 11 pending,  3 downloaded,  0 extracted, (1 MB/? MB)
2025-10-28T07:34:55.915+01:00  INFO 19276 --- [eam--1826070891] tc.postgres:9.6.12                       : Pulling image layers: 10 pending,  4 downloaded,  0 extracted, (1 MB/? MB)
2025-10-28T07:34:56.021+01:00  INFO 19276 --- [eam--1826070891] tc.postgres:9.6.12                       : Pulling image layers:  9 pending,  5 downloaded,  0 extracted, (1 MB/? MB)
2025-10-28T07:34:56.023+01:00  INFO 19276 --- [eam--1826070891] tc.postgres:9.6.12                       : Pulling image layers:  8 pending,  6 downloaded,  0 extracted, (1 MB/? MB)
2025-10-28T07:34:56.112+01:00  INFO 19276 --- [eam--1826070891] tc.postgres:9.6.12                       : Pulling image layers:  7 pending,  7 downloaded,  0 extracted, (3 MB/? MB)
2025-10-28T07:34:56.116+01:00  INFO 19276 --- [eam--1826070891] tc.postgres:9.6.12                       : Pulling image layers:  6 pending,  8 downloaded,  0 extracted, (3 MB/? MB)
2025-10-28T07:34:56.317+01:00  INFO 19276 --- [eam--1826070891] tc.postgres:9.6.12                       : Pulling image layers:  5 pending,  9 downloaded,  0 extracted, (5 MB/? MB)
2025-10-28T07:34:57.011+01:00  INFO 19276 --- [eam--1826070891] tc.postgres:9.6.12                       : Pulling image layers:  4 pending, 10 downloaded,  0 extracted, (10 MB/? MB)
2025-10-28T07:34:57.613+01:00  INFO 19276 --- [eam--1826070891] tc.postgres:9.6.12                       : Pulling image layers:  3 pending, 11 downloaded,  0 extracted, (19 MB/? MB)
2025-10-28T07:34:57.917+01:00  INFO 19276 --- [eam--1826070891] tc.postgres:9.6.12                       : Pulling image layers:  2 pending, 12 downloaded,  0 extracted, (24 MB/? MB)
2025-10-28T07:35:00.207+01:00  INFO 19276 --- [eam--1826070891] tc.postgres:9.6.12                       : Pulling image layers:  1 pending, 13 downloaded,  0 extracted, (52 MB/? MB)
2025-10-28T07:35:02.739+01:00  INFO 19276 --- [eam--1826070891] tc.postgres:9.6.12                       : Pulling image layers:  1 pending, 13 downloaded,  1 extracted, (76 MB/? MB)
2025-10-28T07:35:03.106+01:00  INFO 19276 --- [eam--1826070891] tc.postgres:9.6.12                       : Pulling image layers:  0 pending, 14 downloaded,  1 extracted, (79 MB/79 MB)
2025-10-28T07:35:03.121+01:00  INFO 19276 --- [eam--1826070891] tc.postgres:9.6.12                       : Pulling image layers:  0 pending, 14 downloaded,  2 extracted, (79 MB/79 MB)
2025-10-28T07:35:03.124+01:00  INFO 19276 --- [eam--1826070891] tc.postgres:9.6.12                       : Pulling image layers:  0 pending, 14 downloaded,  3 extracted, (79 MB/79 MB)
2025-10-28T07:35:03.219+01:00  INFO 19276 --- [eam--1826070891] tc.postgres:9.6.12                       : Pulling image layers:  0 pending, 14 downloaded,  4 extracted, (79 MB/79 MB)
2025-10-28T07:35:03.620+01:00  INFO 19276 --- [eam--1826070891] tc.postgres:9.6.12                       : Pulling image layers:  0 pending, 14 downloaded,  5 extracted, (79 MB/79 MB)
2025-10-28T07:35:03.627+01:00  INFO 19276 --- [eam--1826070891] tc.postgres:9.6.12                       : Pulling image layers:  0 pending, 14 downloaded,  6 extracted, (79 MB/79 MB)
2025-10-28T07:35:03.710+01:00  INFO 19276 --- [eam--1826070891] tc.postgres:9.6.12                       : Pulling image layers:  0 pending, 14 downloaded,  7 extracted, (79 MB/79 MB)
2025-10-28T07:35:03.717+01:00  INFO 19276 --- [eam--1826070891] tc.postgres:9.6.12                       : Pulling image layers:  0 pending, 14 downloaded,  8 extracted, (79 MB/79 MB)
2025-10-28T07:35:06.015+01:00  INFO 19276 --- [eam--1826070891] tc.postgres:9.6.12                       : Pulling image layers:  0 pending, 14 downloaded,  9 extracted, (79 MB/79 MB)
2025-10-28T07:35:06.106+01:00  INFO 19276 --- [eam--1826070891] tc.postgres:9.6.12                       : Pulling image layers:  0 pending, 14 downloaded, 10 extracted, (79 MB/79 MB)
2025-10-28T07:35:06.210+01:00  INFO 19276 --- [eam--1826070891] tc.postgres:9.6.12                       : Pulling image layers:  0 pending, 14 downloaded, 11 extracted, (79 MB/79 MB)
2025-10-28T07:35:06.212+01:00  INFO 19276 --- [eam--1826070891] tc.postgres:9.6.12                       : Pulling image layers:  0 pending, 14 downloaded, 12 extracted, (79 MB/79 MB)
2025-10-28T07:35:06.308+01:00  INFO 19276 --- [eam--1826070891] tc.postgres:9.6.12                       : Pulling image layers:  0 pending, 14 downloaded, 13 extracted, (79 MB/79 MB)
2025-10-28T07:35:06.311+01:00  INFO 19276 --- [eam--1826070891] tc.postgres:9.6.12                       : Pulling image layers:  0 pending, 14 downloaded, 14 extracted, (79 MB/79 MB)
2025-10-28T07:35:06.324+01:00  INFO 19276 --- [           main] tc.postgres:9.6.12                       : Image postgres:9.6.12 pull took PT12.7343639S
2025-10-28T07:35:06.324+01:00  INFO 19276 --- [eam--1826070891] tc.postgres:9.6.12                       : Pull complete. 14 layers, pulled in 11s (downloaded 79 MB at 7 MB/s)
2025-10-28T07:35:06.426+01:00  INFO 19276 --- [           main] tc.postgres:9.6.12                       : Creating container for image: postgres:9.6.12
2025-10-28T07:35:06.910+01:00  INFO 19276 --- [           main] tc.postgres:9.6.12                       : Container postgres:9.6.12 is starting: 22cd36e44446e9119945cf214279f961230c261f59e9b47d60e31c6d1f6bd31c
2025-10-28T07:35:13.794+01:00  INFO 19276 --- [           main] tc.postgres:9.6.12                       : Container postgres:9.6.12 started in PT7.3687193S
2025-10-28T07:35:13.795+01:00  INFO 19276 --- [           main] tc.postgres:9.6.12                       : Container is started (JDBC URL: jdbc:postgresql://localhost:62372/simple-api?loggerLevel=OFF)
2025-10-28T07:35:13.999+01:00  INFO 19276 --- [           main] com.zaxxer.hikari.pool.HikariPool        : HikariPool-1 - Added connection org.testcontainers.jdbc.ConnectionWrapper@75f8a6c8
2025-10-28T07:35:14.002+01:00  INFO 19276 --- [           main] com.zaxxer.hikari.HikariDataSource       : HikariPool-1 - Start completed.
2025-10-28T07:35:14.126+01:00  INFO 19276 --- [           main] o.hibernate.jpa.internal.util.LogHelper  : HHH000204: Processing PersistenceUnitInfo [name: default]
2025-10-28T07:35:14.274+01:00  INFO 19276 --- [           main] org.hibernate.Version                    : HHH000412: Hibernate ORM core version 6.6.5.Final
2025-10-28T07:35:14.359+01:00  INFO 19276 --- [           main] o.h.c.internal.RegionFactoryInitiator    : HHH000026: Second-level cache disabled
2025-10-28T07:35:14.984+01:00  INFO 19276 --- [           main] o.s.o.j.p.SpringPersistenceUnitInfo      : No LoadTimeWeaver setup: ignoring JPA class transformer
2025-10-28T07:35:15.119+01:00  WARN 19276 --- [           main] org.hibernate.dialect.Dialect            : HHH000511: The 9.6.12 version for [org.hibernate.dialect.PostgreSQLDialect] is no longer supported, hence certain features may not work properly. The minimum supported version is 12.0.0. Check the community dialects project for available legacy versions.
2025-10-28T07:35:15.157+01:00  INFO 19276 --- [           main] org.hibernate.orm.connections.pooling    : HHH10001005: Database info:
	Database JDBC URL [Connecting through datasource 'HikariDataSource (HikariPool-1)']
	Database driver: undefined/unknown
	Database version: 9.6.12
	Autocommit mode: undefined/unknown
	Isolation level: undefined/unknown
	Minimum pool size: undefined/unknown
	Maximum pool size: undefined/unknown
2025-10-28T07:35:16.752+01:00  INFO 19276 --- [           main] o.h.e.t.j.p.i.JtaPlatformInitiator       : HHH000489: No JTA platform available (set 'hibernate.transaction.jta.platform' to enable JTA platform integration)
2025-10-28T07:35:16.756+01:00  INFO 19276 --- [           main] j.LocalContainerEntityManagerFactoryBean : Initialized JPA EntityManagerFactory for persistence unit 'default'
2025-10-28T07:35:17.734+01:00  WARN 19276 --- [           main] JpaBaseConfiguration$JpaWebConfiguration : spring.jpa.open-in-view is enabled by default. Therefore, database queries may be performed during view rendering. Explicitly configure spring.jpa.open-in-view to disable this warning
2025-10-28T07:35:17.881+01:00  INFO 19276 --- [           main] o.s.v.b.OptionalValidatorFactoryBean     : Failed to set up a Bean Validation provider: jakarta.validation.NoProviderFoundException: Unable to create a Configuration, because no Jakarta Validation provider could be found. Add a provider like Hibernate Validator (RI) to your classpath.
2025-10-28T07:35:19.132+01:00  INFO 19276 --- [           main] o.s.b.t.m.w.SpringBootMockServletContext : Initializing Spring TestDispatcherServlet ''
2025-10-28T07:35:19.133+01:00  INFO 19276 --- [           main] o.s.t.web.servlet.TestDispatcherServlet  : Initializing Servlet ''
2025-10-28T07:35:19.147+01:00  INFO 19276 --- [           main] o.s.b.a.e.web.EndpointLinksResolver      : Exposing 1 endpoint beneath base path '/actuator'
2025-10-28T07:35:19.169+01:00  INFO 19276 --- [           main] o.s.t.web.servlet.TestDispatcherServlet  : Completed initialization in 35 ms
2025-10-28T07:35:19.309+01:00  INFO 19276 --- [           main] f.t.t.s.IT.DepartmentControllerTestIT    : Started DepartmentControllerTestIT in 37.436 seconds (process running for 39.756)
]]></system-out>
    <system-err><![CDATA[Mockito is currently self-attaching to enable the inline-mock-maker. This will no longer work in future releases of the JDK. Please add Mockito as an agent to your build what is described in Mockito's documentation: https://javadoc.io/doc/org.mockito/mockito-core/latest/org/mockito/Mockito.html#0.3
WARNING: A Java agent has been loaded dynamically (C:\Users\alifa\.m2\repository\net\bytebuddy\byte-buddy-agent\1.15.11\byte-buddy-agent-1.15.11.jar)
WARNING: If a serviceability tool is in use, please run with -XX:+EnableDynamicAgentLoading to hide this warning
WARNING: If a serviceability tool is not in use, please run with -Djdk.instrument.traceUsage for more information
WARNING: Dynamic loading of agents will be disallowed by default in a future release
]]></system-err>
  </testcase>
  <testcase name="testGetDepartmentCountByName" classname="fr.takima.training.sampleapplication.IT.DepartmentControllerTestIT" time="0.054"/>
  <testcase name="testGetNonExistingDepartmentStudentsByName" classname="fr.takima.training.sampleapplication.IT.DepartmentControllerTestIT" time="0.045"/>
  <testcase name="testGetNonExistingDepartmentCountsByName" classname="fr.takima.training.sampleapplication.IT.DepartmentControllerTestIT" time="0.045"/>
  <testcase name="testGetNonExistingDepartmentByName" classname="fr.takima.training.sampleapplication.IT.DepartmentControllerTestIT" time="0.042"/>
  <testcase name="testGetDepartmentByName" classname="fr.takima.training.sampleapplication.IT.DepartmentControllerTestIT" time="0.049"/>
</testsuite>